app/build/outputs/logs/manifest-merger-debug-report.txt
-- Merging decision tree log ---
manifest
ADDED from src/main/AndroidManifest.xml:2:1-40:12
	xmlns:android
		ADDED from src/main/AndroidManifest.xml:2:11-69
	package
		ADDED from src/main/AndroidManifest.xml:3:5-35
		INJECTED from src/main/AndroidManifest.xml
		INJECTED from src/main/AndroidManifest.xml
	android:versionName
		INJECTED from src/main/AndroidManifest.xml
		INJECTED from src/main/AndroidManifest.xml
	android:versionCode
		INJECTED from src/main/AndroidManifest.xml
		INJECTED from src/main/AndroidManifest.xml
uses-permission#android.permission.READ_CALENDAR
ADDED from src/main/AndroidManifest.xml:5:5-72
	android:name
		ADDED from src/main/AndroidManifest.xml:5:22-69
uses-permission#android.permission.INTERNET
ADDED from src/main/AndroidManifest.xml:6:5-67
	android:name
		ADDED from src/main/AndroidManifest.xml:6:22-64
uses-permission#android.permission.ACCESS_NETWORK_STATE
ADDED from src/main/AndroidManifest.xml:7:5-79
	android:name
		ADDED from src/main/AndroidManifest.xml:7:22-76
uses-permission#android.permission.GET_ACCOUNTS
ADDED from src/main/AndroidManifest.xml:8:5-71
	android:name
		ADDED from src/main/AndroidManifest.xml:8:22-68
uses-permission#android.permission.WRITE_CALENDAR
ADDED from src/main/AndroidManifest.xml:9:5-73
	android:name
		ADDED from src/main/AndroidManifest.xml:9:22-70
uses-permission#com.android.alarm.permission.SET_ALARM
ADDED from src/main/AndroidManifest.xml:10:5-77
	android:name
		ADDED from src/main/AndroidManifest.xml:10:22-75
uses-permission#android.permission.WAKE_LOCK
ADDED from src/main/AndroidManifest.xml:11:5-67
	android:name
		ADDED from src/main/AndroidManifest.xml:11:22-65
application
ADDED from src/main/AndroidManifest.xml:12:5-38:19
MERGED from [com.android.support:appcompat-v7:23.1.1] AndroidManifest.xml:22:5-20
MERGED from [com.android.support:support-v4:23.1.1] AndroidManifest.xml:22:5-20
MERGED from [com.google.android.gms:play-services-identity:8.4.0] AndroidManifest.xml:19:5-20
MERGED from [com.google.android.gms:play-services-basement:8.4.0] AndroidManifest.xml:20:5-24:19
MERGED from [com.android.support:support-v4:23.1.1] AndroidManifest.xml:22:5-20
MERGED from [pub.devrel:easypermissions:0.1.5] AndroidManifest.xml:12:5-20
MERGED from [com.android.support:appcompat-v7:23.1.1] AndroidManifest.xml:22:5-20
MERGED from [com.android.support:support-v4:23.1.1] AndroidManifest.xml:22:5-20
MERGED from [com.spotify.sdk:spotify-auth:1.0.0-beta12] AndroidManifest.xml:30:5-20
MERGED from [com.spotify.sdk:spotify-player:1.0.0-beta12] AndroidManifest.xml:30:5-20
MERGED from [com.mcxiaoke.volley:library-aar:1.0.0] AndroidManifest.xml:5:5-19
	android:supportsRtl
		ADDED from src/main/AndroidManifest.xml:16:9-35
	android:label
		ADDED from src/main/AndroidManifest.xml:15:9-41
	android:allowBackup
		ADDED from src/main/AndroidManifest.xml:13:9-35
	android:icon
		ADDED from src/main/AndroidManifest.xml:14:9-43
	android:theme
		ADDED from src/main/AndroidManifest.xml:17:9-40
receiver#com.jamjar.automator.ModifyVolume
ADDED from src/main/AndroidManifest.xml:18:9-22:20
	android:process
		ADDED from src/main/AndroidManifest.xml:19:13-38
	android:enabled
		ADDED from src/main/AndroidManifest.xml:21:13-35
	android:name
		ADDED from src/main/AndroidManifest.xml:20:13-41
activity#com.jamjar.automator.MainActivity
ADDED from src/main/AndroidManifest.xml:23:9-28:20
	android:name
		ADDED from src/main/AndroidManifest.xml:23:19-47
intent-filter#android.intent.action.MAIN+android.intent.category.LAUNCHER
ADDED from src/main/AndroidManifest.xml:24:13-27:29
action#android.intent.action.MAIN
ADDED from src/main/AndroidManifest.xml:25:17-69
	android:name
		ADDED from src/main/AndroidManifest.xml:25:25-66
category#android.intent.category.LAUNCHER
ADDED from src/main/AndroidManifest.xml:26:17-77
	android:name
		ADDED from src/main/AndroidManifest.xml:26:27-74
activity#com.spotify.sdk.android.authentication.LoginActivity
ADDED from src/main/AndroidManifest.xml:31:9-33:74
	android:theme
		ADDED from src/main/AndroidManifest.xml:33:13-72
	android:name
		ADDED from src/main/AndroidManifest.xml:32:13-80
meta-data#com.google.android.gms.version
ADDED from src/main/AndroidManifest.xml:35:9-37:69
MERGED from [com.google.android.gms:play-services-basement:8.4.0] AndroidManifest.xml:21:9-23:69
	android:name
		ADDED from src/main/AndroidManifest.xml:36:13-58
	android:value
		ADDED from src/main/AndroidManifest.xml:37:13-66
uses-sdk
INJECTED from src/main/AndroidManifest.xml reason: use-sdk injection requested
MERGED from [com.android.support:appcompat-v7:23.1.1] AndroidManifest.xml:20:5-43
MERGED from [com.android.support:support-v4:23.1.1] AndroidManifest.xml:20:5-43
MERGED from [com.google.android.gms:play-services-identity:8.4.0] AndroidManifest.xml:18:5-42
MERGED from [com.google.android.gms:play-services-base:8.4.0] AndroidManifest.xml:18:5-42
MERGED from [com.google.android.gms:play-services-basement:8.4.0] AndroidManifest.xml:18:5-42
MERGED from [com.android.support:support-v4:23.1.1] AndroidManifest.xml:20:5-43
MERGED from [pub.devrel:easypermissions:0.1.5] AndroidManifest.xml:8:5-10:41
MERGED from [com.android.support:appcompat-v7:23.1.1] AndroidManifest.xml:20:5-43
MERGED from [com.android.support:support-v4:23.1.1] AndroidManifest.xml:20:5-43
MERGED from [com.spotify.sdk:spotify-auth:1.0.0-beta12] AndroidManifest.xml:26:5-28:41
MERGED from [com.spotify.sdk:spotify-player:1.0.0-beta12] AndroidManifest.xml:26:5-28:41
MERGED from [com.mcxiaoke.volley:library-aar:1.0.0] AndroidManifest.xml:3:5-72
	android:targetSdkVersion
		INJECTED from src/main/AndroidManifest.xml
		INJECTED from src/main/AndroidManifest.xml
	android:minSdkVersion
		INJECTED from src/main/AndroidManifest.xml
		INJECTED from src/main/AndroidManifest.xml